Testing serial works
PI: 3.141590
Loading module from 0x112000 to 0x112007
Program has run
Interrupt Number: 33
Error Code: 0
EIP: 10001a
EAX: 7
EBP: 67ee0
EBX: 7
ESI: 2cf08
Handler Ptr: 0x1019c0

Interrupt Number: 33
Error Code: 0
EIP: 10001a
EAX: 7
EBP: 67ee0
EBX: 7
ESI: 2cf08
Handler Ptr: 0x1019c0

Interrupt Number: 33
Error Code: 0
EIP: 1001aa
EAX: 20
EBP: 103fc8
EBX: 7
ESI: 2cf08
Handler Ptr: 0x1019c0

Interrupt Number: 33
Error Code: 0
EIP: 10001a
EAX: 7
EBP: 67ee0
EBX: 7
ESI: 2cf08
Handler Ptr: 0x1019c0

